To honour the JVM settings for this build a single-use Daemon process will be forked. For more on this, please refer to https://docs.gradle.org/8.13/userguide/gradle_daemon.html#sec:disabling_the_daemon in the Gradle documentation.
Daemon will be stopped at the end of the build 
> Task :app:checkKotlinGradlePluginConfigurationErrors SKIPPED
> Task :app:preBuild UP-TO-DATE
> Task :app:preDebugBuild UP-TO-DATE
> Task :app:generateDebugBuildConfig UP-TO-DATE
> Task :app:checkDebugAarMetadata UP-TO-DATE
> Task :app:processDebugNavigationResources UP-TO-DATE
> Task :app:compileDebugNavigationResources UP-TO-DATE
> Task :app:generateDebugResValues UP-TO-DATE
> Task :app:mapDebugSourceSetPaths UP-TO-DATE
> Task :app:generateDebugResources UP-TO-DATE
> Task :app:mergeDebugResources UP-TO-DATE
> Task :app:packageDebugResources UP-TO-DATE
> Task :app:parseDebugLocalResources UP-TO-DATE
> Task :app:createDebugCompatibleScreenManifests UP-TO-DATE
> Task :app:extractDeepLinksDebug UP-TO-DATE
> Task :app:processDebugMainManifest UP-TO-DATE
> Task :app:processDebugManifest UP-TO-DATE
> Task :app:processDebugManifestForPackage UP-TO-DATE
> Task :app:processDebugResources UP-TO-DATE
> Task :app:kaptGenerateStubsDebugKotlin UP-TO-DATE
> Task :app:kaptDebugKotlin UP-TO-DATE
> Task :app:compileDebugKotlin UP-TO-DATE
> Task :app:javaPreCompileDebug UP-TO-DATE
> Task :app:compileDebugJavaWithJavac UP-TO-DATE
> Task :app:bundleDebugClassesToRuntimeJar UP-TO-DATE
> Task :app:bundleDebugClassesToCompileJar UP-TO-DATE
> Task :app:kaptGenerateStubsDebugUnitTestKotlin UP-TO-DATE
> Task :app:kaptDebugUnitTestKotlin UP-TO-DATE
> Task :app:preDebugUnitTestBuild UP-TO-DATE
> Task :app:javaPreCompileDebugUnitTest UP-TO-DATE
> Task :app:mergeDebugShaders UP-TO-DATE
> Task :app:compileDebugShaders NO-SOURCE
> Task :app:generateDebugAssets UP-TO-DATE
> Task :app:mergeDebugAssets UP-TO-DATE
> Task :app:packageDebugUnitTestForUnitTest UP-TO-DATE
> Task :app:processDebugUnitTestManifest UP-TO-DATE
> Task :app:generateDebugUnitTestConfig UP-TO-DATE
> Task :app:processDebugJavaRes UP-TO-DATE

> Task :app:compileDebugUnitTestKotlin
.\gradlew.bat : e: file:///D:/Work/p
roject%20UET/ToDoListApp_Mobile_UET_
Project/app/src/test/java/com/exampl
e/todolist/feature/auth/GoogleAuthVi
ewModelTest.kt:60:13 No parameter 
with name 'taskRepository' found.
At line:1 char:1
+ .\gradlew.bat testDebugUnitTest 
--tests 
"com.example.todolist.transla ...
+ ~~~~~~~~~~~~~~~~~~~~~~~~~~~~~~~~~~
~~~~~~~~~~~~~~~~~~~~~~~~~~~~~~~~~~~
    + CategoryInfo          : NotSp 
   ecified: (e: file:///D:/W...osi  
  tory' found.:String) [], Remote   
 Exception
    + FullyQualifiedErrorId : Nativ 
   eCommandError
 
e: file:///D:/Work/project%20UET/ToD
oListApp_Mobile_UET_Project/app/src/
test/java/com/example/todolist/featu
re/auth/GoogleAuthViewModelTest.kt:6
0:13 No value passed for parameter 
'taskUseCases'.
e: file:///D:/Work/project%20UET/ToD
oListApp_Mobile_UET_Project/app/src/
test/java/com/example/todolist/featu
re/auth/GoogleAuthViewModelTest.kt:9
0:77 Argument type mismatch: actual 
type is 'com.example.todolist.domain
.repository.TaskRepository', but 'co
m.example.todolist.domain.usecase.Ta
skUseCases' was expected.
e: file:///D:/Work/project%20UET/ToD
oListApp_Mobile_UET_Project/app/src/
test/java/com/example/todolist/featu
re/auth/GoogleAuthViewModelTest.kt:1
64:77 Argument type mismatch: 
actual type is 'com.example.todolist
.domain.repository.TaskRepository', 
but 'com.example.todolist.domain.use
case.TaskUseCases' was expected.
e: file:///D:/Work/project%20UET/ToD
oListApp_Mobile_UET_Project/app/src/
test/java/com/example/todolist/featu
re/calendar/CalendarSyncViewModelTes
t.kt:71:60 Argument type mismatch: 
actual type is 
'kotlin.Result<kotlin.Unit>', but 
'kotlin.Unit' was expected.
e: file:///D:/Work/project%20UET/ToD
oListApp_Mobile_UET_Project/app/src/
test/java/com/example/todolist/featu
re/calendar/CalendarSyncViewModelTes
t.kt:72:60 Argument type mismatch: 
actual type is 
'kotlin.Result<kotlin.Unit>', but 
'kotlin.Unit' was expected.
e: file:///D:/Work/project%20UET/ToD
oListApp_Mobile_UET_Project/app/src/
test/java/com/example/todolist/featu
re/calendar/CalendarSyncViewModelTes
t.kt:194:9 Cannot infer type for 
this parameter. Please specify it 
explicitly.
e: file:///D:/Work/project%20UET/ToD
oListApp_Mobile_UET_Project/app/src/
test/java/com/example/todolist/featu
re/calendar/CalendarSyncViewModelTes
t.kt:194:17 Cannot infer type for 
this parameter. Please specify it 
explicitly.
e: file:///D:/Work/project%20UET/ToD
oListApp_Mobile_UET_Project/app/src/
test/java/com/example/todolist/featu
re/calendar/CalendarSyncViewModelTes
t.kt:194:19 Unresolved reference 
'taskRepository'.
e: file:///D:/Work/project%20UET/ToD
oListApp_Mobile_UET_Project/app/src/
test/java/com/example/todolist/featu
re/calendar/CalendarSyncViewModelTes
t.kt:194:43 Cannot infer type for 
this parameter. Please specify it 
explicitly.
e: file:///D:/Work/project%20UET/ToD
oListApp_Mobile_UET_Project/app/src/
test/java/com/example/todolist/featu
re/calendar/CalendarSyncViewModelTes
t.kt:289:60 Argument type mismatch: 
actual type is 
'kotlin.Result<kotlin.Unit>', but 
'kotlin.Unit' was expected.
e: file:///D:/Work/project%20UET/ToD
oListApp_Mobile_UET_Project/app/src/
test/java/com/example/todolist/featu
re/calendar/CalendarSyncViewModelTes
t.kt:306:9 Cannot infer type for 
this parameter. Please specify it 
explicitly.
e: file:///D:/Work/project%20UET/ToD
oListApp_Mobile_UET_Project/app/src/
test/java/com/example/todolist/featu
re/calendar/CalendarSyncViewModelTes
t.kt:306:15 Cannot infer type for 
this parameter. Please specify it 
explicitly.
e: file:///D:/Work/project%20UET/ToD
oListApp_Mobile_UET_Project/app/src/
test/java/com/example/todolist/featu
re/calendar/CalendarSyncViewModelTes
t.kt:306:17 Unresolved reference 
'taskRepository'.
e: file:///D:/Work/project%20UET/ToD
oListApp_Mobile_UET_Project/app/src/
test/java/com/example/todolist/featu
re/calendar/CalendarSyncViewModelTes
t.kt:314:60 Argument type mismatch: 
actual type is 
'kotlin.Result<kotlin.Unit>', but 
'kotlin.Unit' was expected.
e: file:///D:/Work/project%20UET/ToD
oListApp_Mobile_UET_Project/app/src/
test/java/com/example/todolist/featu
re/calendar/CalendarSyncViewModelTes
t.kt:368:60 Argument type mismatch: 
actual type is 
'kotlin.Result<kotlin.Unit>', but 
'kotlin.Unit' was expected.
e: file:///D:/Work/project%20UET/ToD
oListApp_Mobile_UET_Project/app/src/
test/java/com/example/todolist/featu
re/calendar/CalendarSyncViewModelTes
t.kt:421:60 Argument type mismatch: 
actual type is 
'kotlin.Result<kotlin.Unit>', but 
'kotlin.Unit' was expected.

> Task :app:compileDebugUnitTestKotlin FAILED
w: Detected multiple Kotlin daemon sessions at 

FAILURE: Build failed with an 
exception.

* What went wrong:
Execution failed for task 
':app:compileDebugUnitTestKotlin'.
> A failure occurred while 
executing org.jetbrains.kotlin.compi
lerRunner.GradleCompilerRunnerWithWo
rkers$GradleKotlinCompilerWorkAction
   > Compilation error. See log for 
more details

* Try:
> Run with --stacktrace option to 
get the stack trace.
> Run with --info or --debug option 
to get more log output.
> Run with --scan to get full 
insights.
> Get more help at 
https://help.gradle.org.

BUILD FAILED in 32s
33 actionable tasks: 1 executed, 32 up-to-date
